<?xml version="1.0" encoding="UTF-8"?>
<testsuite xmlns:xsi="http://www.w3.org/2001/XMLSchema-instance" xsi:noNamespaceSchemaLocation="https://maven.apache.org/surefire/maven-surefire-plugin/xsd/surefire-test-report.xsd" name="TestSuite" time="16.321" tests="5" errors="0" skipped="0" failures="0">
  <properties>
    <property name="gopherProxySet" value="false"/>
    <property name="awt.toolkit" value="sun.lwawt.macosx.LWCToolkit"/>
    <property name="file.encoding.pkg" value="sun.io"/>
    <property name="java.specification.version" value="1.8"/>
    <property name="sun.cpu.isalist" value=""/>
    <property name="sun.jnu.encoding" value="UTF-8"/>
    <property name="java.class.path" value="/Users/jagjit.verma/Documents/self/workspace/apiAutomation/target/test-classes:/Users/jagjit.verma/Documents/self/workspace/apiAutomation/target/classes:/Users/jagjit.verma/.m2/repository/io/rest-assured/rest-assured/4.1.2/rest-assured-4.1.2.jar:/Users/jagjit.verma/.m2/repository/org/codehaus/groovy/groovy/2.5.8/groovy-2.5.8.jar:/Users/jagjit.verma/.m2/repository/org/codehaus/groovy/groovy-xml/2.5.8/groovy-xml-2.5.8.jar:/Users/jagjit.verma/.m2/repository/org/apache/httpcomponents/httpclient/4.5.3/httpclient-4.5.3.jar:/Users/jagjit.verma/.m2/repository/org/apache/httpcomponents/httpcore/4.4.6/httpcore-4.4.6.jar:/Users/jagjit.verma/.m2/repository/commons-logging/commons-logging/1.2/commons-logging-1.2.jar:/Users/jagjit.verma/.m2/repository/commons-codec/commons-codec/1.9/commons-codec-1.9.jar:/Users/jagjit.verma/.m2/repository/org/apache/httpcomponents/httpmime/4.5.3/httpmime-4.5.3.jar:/Users/jagjit.verma/.m2/repository/org/hamcrest/hamcrest/2.1/hamcrest-2.1.jar:/Users/jagjit.verma/.m2/repository/org/ccil/cowan/tagsoup/tagsoup/1.2.1/tagsoup-1.2.1.jar:/Users/jagjit.verma/.m2/repository/io/rest-assured/json-path/4.1.2/json-path-4.1.2.jar:/Users/jagjit.verma/.m2/repository/org/codehaus/groovy/groovy-json/2.5.8/groovy-json-2.5.8.jar:/Users/jagjit.verma/.m2/repository/io/rest-assured/rest-assured-common/4.1.2/rest-assured-common-4.1.2.jar:/Users/jagjit.verma/.m2/repository/io/rest-assured/xml-path/4.1.2/xml-path-4.1.2.jar:/Users/jagjit.verma/.m2/repository/org/apache/commons/commons-lang3/3.4/commons-lang3-3.4.jar:/Users/jagjit.verma/.m2/repository/javax/xml/bind/jaxb-api/2.3.1/jaxb-api-2.3.1.jar:/Users/jagjit.verma/.m2/repository/javax/activation/javax.activation-api/1.2.0/javax.activation-api-1.2.0.jar:/Users/jagjit.verma/.m2/repository/com/sun/xml/bind/jaxb-osgi/2.3.0.1/jaxb-osgi-2.3.0.1.jar:/Users/jagjit.verma/.m2/repository/org/apache/sling/org.apache.sling.javax.activation/0.1.0/org.apache.sling.javax.activation-0.1.0.jar:/Users/jagjit.verma/.m2/repository/javax/activation/activation/1.1.1/activation-1.1.1.jar:/Users/jagjit.verma/.m2/repository/com/jayway/jsonpath/json-path/2.4.0/json-path-2.4.0.jar:/Users/jagjit.verma/.m2/repository/net/minidev/json-smart/2.3/json-smart-2.3.jar:/Users/jagjit.verma/.m2/repository/net/minidev/accessors-smart/1.2/accessors-smart-1.2.jar:/Users/jagjit.verma/.m2/repository/org/ow2/asm/asm/5.0.4/asm-5.0.4.jar:/Users/jagjit.verma/.m2/repository/org/slf4j/slf4j-api/1.7.25/slf4j-api-1.7.25.jar:/Users/jagjit.verma/.m2/repository/com/googlecode/json-simple/json-simple/1.1.1/json-simple-1.1.1.jar:/Users/jagjit.verma/.m2/repository/junit/junit/4.10/junit-4.10.jar:/Users/jagjit.verma/.m2/repository/org/hamcrest/hamcrest-core/1.1/hamcrest-core-1.1.jar:/Users/jagjit.verma/.m2/repository/com/aventstack/extentreports/3.1.5/extentreports-3.1.5.jar:/Users/jagjit.verma/.m2/repository/org/freemarker/freemarker/2.3.23/freemarker-2.3.23.jar:/Users/jagjit.verma/.m2/repository/org/mongodb/mongodb-driver/3.3.0/mongodb-driver-3.3.0.jar:/Users/jagjit.verma/.m2/repository/org/mongodb/bson/3.3.0/bson-3.3.0.jar:/Users/jagjit.verma/.m2/repository/org/mongodb/mongodb-driver-core/3.3.0/mongodb-driver-core-3.3.0.jar:/Users/jagjit.verma/.m2/repository/org/jsoup/jsoup/1.9.2/jsoup-1.9.2.jar:/Users/jagjit.verma/.m2/repository/com/google/code/gson/gson/2.8.0/gson-2.8.0.jar:/Users/jagjit.verma/.m2/repository/org/testng/testng/7.1.0/testng-7.1.0.jar:/Users/jagjit.verma/.m2/repository/com/beust/jcommander/1.72/jcommander-1.72.jar:/Users/jagjit.verma/.m2/repository/com/google/inject/guice/4.1.0/guice-4.1.0-no_aop.jar:/Users/jagjit.verma/.m2/repository/javax/inject/javax.inject/1/javax.inject-1.jar:/Users/jagjit.verma/.m2/repository/aopalliance/aopalliance/1.0/aopalliance-1.0.jar:/Users/jagjit.verma/.m2/repository/com/google/guava/guava/19.0/guava-19.0.jar:/Users/jagjit.verma/.m2/repository/org/yaml/snakeyaml/1.21/snakeyaml-1.21.jar:/Users/jagjit.verma/.m2/repository/org/apache/logging/log4j/log4j-core/2.13.0/log4j-core-2.13.0.jar:/Users/jagjit.verma/.m2/repository/org/apache/logging/log4j/log4j-api/2.13.0/log4j-api-2.13.0.jar:/Users/jagjit.verma/.m2/repository/org/apache/logging/log4j/log4j-slf4j-impl/2.13.0/log4j-slf4j-impl-2.13.0.jar:"/>
    <property name="java.vm.vendor" value="Oracle Corporation"/>
    <property name="sun.arch.data.model" value="64"/>
    <property name="java.vendor.url" value="http://java.oracle.com/"/>
    <property name="user.timezone" value=""/>
    <property name="java.vm.specification.version" value="1.8"/>
    <property name="os.name" value="Mac OS X"/>
    <property name="user.country" value="IN"/>
    <property name="sun.java.launcher" value="SUN_STANDARD"/>
    <property name="sun.boot.library.path" value="/Library/Java/JavaVirtualMachines/jdk1.8.0_231.jdk/Contents/Home/jre/lib"/>
    <property name="sun.java.command" value="/Users/jagjit.verma/Documents/self/workspace/apiAutomation/target/surefire/surefirebooter3270816166028214425.jar /Users/jagjit.verma/Documents/self/workspace/apiAutomation/target/surefire 2020-01-14T00-09-46_939-jvmRun1 surefire1906417777255187571tmp surefire_08700017903863563235tmp"/>
    <property name="http.nonProxyHosts" value="local|*.local|169.254/16|*.169.254/16"/>
    <property name="surefire.test.class.path" value="/Users/jagjit.verma/Documents/self/workspace/apiAutomation/target/test-classes:/Users/jagjit.verma/Documents/self/workspace/apiAutomation/target/classes:/Users/jagjit.verma/.m2/repository/io/rest-assured/rest-assured/4.1.2/rest-assured-4.1.2.jar:/Users/jagjit.verma/.m2/repository/org/codehaus/groovy/groovy/2.5.8/groovy-2.5.8.jar:/Users/jagjit.verma/.m2/repository/org/codehaus/groovy/groovy-xml/2.5.8/groovy-xml-2.5.8.jar:/Users/jagjit.verma/.m2/repository/org/apache/httpcomponents/httpclient/4.5.3/httpclient-4.5.3.jar:/Users/jagjit.verma/.m2/repository/org/apache/httpcomponents/httpcore/4.4.6/httpcore-4.4.6.jar:/Users/jagjit.verma/.m2/repository/commons-logging/commons-logging/1.2/commons-logging-1.2.jar:/Users/jagjit.verma/.m2/repository/commons-codec/commons-codec/1.9/commons-codec-1.9.jar:/Users/jagjit.verma/.m2/repository/org/apache/httpcomponents/httpmime/4.5.3/httpmime-4.5.3.jar:/Users/jagjit.verma/.m2/repository/org/hamcrest/hamcrest/2.1/hamcrest-2.1.jar:/Users/jagjit.verma/.m2/repository/org/ccil/cowan/tagsoup/tagsoup/1.2.1/tagsoup-1.2.1.jar:/Users/jagjit.verma/.m2/repository/io/rest-assured/json-path/4.1.2/json-path-4.1.2.jar:/Users/jagjit.verma/.m2/repository/org/codehaus/groovy/groovy-json/2.5.8/groovy-json-2.5.8.jar:/Users/jagjit.verma/.m2/repository/io/rest-assured/rest-assured-common/4.1.2/rest-assured-common-4.1.2.jar:/Users/jagjit.verma/.m2/repository/io/rest-assured/xml-path/4.1.2/xml-path-4.1.2.jar:/Users/jagjit.verma/.m2/repository/org/apache/commons/commons-lang3/3.4/commons-lang3-3.4.jar:/Users/jagjit.verma/.m2/repository/javax/xml/bind/jaxb-api/2.3.1/jaxb-api-2.3.1.jar:/Users/jagjit.verma/.m2/repository/javax/activation/javax.activation-api/1.2.0/javax.activation-api-1.2.0.jar:/Users/jagjit.verma/.m2/repository/com/sun/xml/bind/jaxb-osgi/2.3.0.1/jaxb-osgi-2.3.0.1.jar:/Users/jagjit.verma/.m2/repository/org/apache/sling/org.apache.sling.javax.activation/0.1.0/org.apache.sling.javax.activation-0.1.0.jar:/Users/jagjit.verma/.m2/repository/javax/activation/activation/1.1.1/activation-1.1.1.jar:/Users/jagjit.verma/.m2/repository/com/jayway/jsonpath/json-path/2.4.0/json-path-2.4.0.jar:/Users/jagjit.verma/.m2/repository/net/minidev/json-smart/2.3/json-smart-2.3.jar:/Users/jagjit.verma/.m2/repository/net/minidev/accessors-smart/1.2/accessors-smart-1.2.jar:/Users/jagjit.verma/.m2/repository/org/ow2/asm/asm/5.0.4/asm-5.0.4.jar:/Users/jagjit.verma/.m2/repository/org/slf4j/slf4j-api/1.7.25/slf4j-api-1.7.25.jar:/Users/jagjit.verma/.m2/repository/com/googlecode/json-simple/json-simple/1.1.1/json-simple-1.1.1.jar:/Users/jagjit.verma/.m2/repository/junit/junit/4.10/junit-4.10.jar:/Users/jagjit.verma/.m2/repository/org/hamcrest/hamcrest-core/1.1/hamcrest-core-1.1.jar:/Users/jagjit.verma/.m2/repository/com/aventstack/extentreports/3.1.5/extentreports-3.1.5.jar:/Users/jagjit.verma/.m2/repository/org/freemarker/freemarker/2.3.23/freemarker-2.3.23.jar:/Users/jagjit.verma/.m2/repository/org/mongodb/mongodb-driver/3.3.0/mongodb-driver-3.3.0.jar:/Users/jagjit.verma/.m2/repository/org/mongodb/bson/3.3.0/bson-3.3.0.jar:/Users/jagjit.verma/.m2/repository/org/mongodb/mongodb-driver-core/3.3.0/mongodb-driver-core-3.3.0.jar:/Users/jagjit.verma/.m2/repository/org/jsoup/jsoup/1.9.2/jsoup-1.9.2.jar:/Users/jagjit.verma/.m2/repository/com/google/code/gson/gson/2.8.0/gson-2.8.0.jar:/Users/jagjit.verma/.m2/repository/org/testng/testng/7.1.0/testng-7.1.0.jar:/Users/jagjit.verma/.m2/repository/com/beust/jcommander/1.72/jcommander-1.72.jar:/Users/jagjit.verma/.m2/repository/com/google/inject/guice/4.1.0/guice-4.1.0-no_aop.jar:/Users/jagjit.verma/.m2/repository/javax/inject/javax.inject/1/javax.inject-1.jar:/Users/jagjit.verma/.m2/repository/aopalliance/aopalliance/1.0/aopalliance-1.0.jar:/Users/jagjit.verma/.m2/repository/com/google/guava/guava/19.0/guava-19.0.jar:/Users/jagjit.verma/.m2/repository/org/yaml/snakeyaml/1.21/snakeyaml-1.21.jar:/Users/jagjit.verma/.m2/repository/org/apache/logging/log4j/log4j-core/2.13.0/log4j-core-2.13.0.jar:/Users/jagjit.verma/.m2/repository/org/apache/logging/log4j/log4j-api/2.13.0/log4j-api-2.13.0.jar:/Users/jagjit.verma/.m2/repository/org/apache/logging/log4j/log4j-slf4j-impl/2.13.0/log4j-slf4j-impl-2.13.0.jar:"/>
    <property name="sun.cpu.endian" value="little"/>
    <property name="user.home" value="/Users/jagjit.verma"/>
    <property name="user.language" value="en"/>
    <property name="java.specification.vendor" value="Oracle Corporation"/>
    <property name="java.home" value="/Library/Java/JavaVirtualMachines/jdk1.8.0_231.jdk/Contents/Home/jre"/>
    <property name="basedir" value="/Users/jagjit.verma/Documents/self/workspace/apiAutomation"/>
    <property name="file.separator" value="/"/>
    <property name="line.separator" value="&#10;"/>
    <property name="java.vm.specification.vendor" value="Oracle Corporation"/>
    <property name="java.specification.name" value="Java Platform API Specification"/>
    <property name="java.awt.graphicsenv" value="sun.awt.CGraphicsEnvironment"/>
    <property name="surefire.real.class.path" value="/Users/jagjit.verma/Documents/self/workspace/apiAutomation/target/surefire/surefirebooter3270816166028214425.jar"/>
    <property name="sun.boot.class.path" value="/Library/Java/JavaVirtualMachines/jdk1.8.0_231.jdk/Contents/Home/jre/lib/resources.jar:/Library/Java/JavaVirtualMachines/jdk1.8.0_231.jdk/Contents/Home/jre/lib/rt.jar:/Library/Java/JavaVirtualMachines/jdk1.8.0_231.jdk/Contents/Home/jre/lib/sunrsasign.jar:/Library/Java/JavaVirtualMachines/jdk1.8.0_231.jdk/Contents/Home/jre/lib/jsse.jar:/Library/Java/JavaVirtualMachines/jdk1.8.0_231.jdk/Contents/Home/jre/lib/jce.jar:/Library/Java/JavaVirtualMachines/jdk1.8.0_231.jdk/Contents/Home/jre/lib/charsets.jar:/Library/Java/JavaVirtualMachines/jdk1.8.0_231.jdk/Contents/Home/jre/lib/jfr.jar:/Library/Java/JavaVirtualMachines/jdk1.8.0_231.jdk/Contents/Home/jre/classes"/>
    <property name="sun.management.compiler" value="HotSpot 64-Bit Tiered Compilers"/>
    <property name="ftp.nonProxyHosts" value="local|*.local|169.254/16|*.169.254/16"/>
    <property name="java.runtime.version" value="1.8.0_231-b11"/>
    <property name="user.name" value="jagjit.verma"/>
    <property name="path.separator" value=":"/>
    <property name="os.version" value="10.14.6"/>
    <property name="java.endorsed.dirs" value="/Library/Java/JavaVirtualMachines/jdk1.8.0_231.jdk/Contents/Home/jre/lib/endorsed"/>
    <property name="java.runtime.name" value="Java(TM) SE Runtime Environment"/>
    <property name="file.encoding" value="UTF-8"/>
    <property name="java.vm.name" value="Java HotSpot(TM) 64-Bit Server VM"/>
    <property name="localRepository" value="/Users/jagjit.verma/.m2/repository"/>
    <property name="java.vendor.url.bug" value="http://bugreport.sun.com/bugreport/"/>
    <property name="java.io.tmpdir" value="/var/folders/nh/k5by13f97xlgj75cgw1bmr14p28ngr/T/"/>
    <property name="java.version" value="1.8.0_231"/>
    <property name="user.dir" value="/Users/jagjit.verma/Documents/self/workspace/apiAutomation"/>
    <property name="os.arch" value="x86_64"/>
    <property name="java.vm.specification.name" value="Java Virtual Machine Specification"/>
    <property name="java.awt.printerjob" value="sun.lwawt.macosx.CPrinterJob"/>
    <property name="sun.os.patch.level" value="unknown"/>
    <property name="java.library.path" value="/Users/jagjit.verma/Library/Java/Extensions:/Library/Java/Extensions:/Network/Library/Java/Extensions:/System/Library/Java/Extensions:/usr/lib/java:."/>
    <property name="java.vm.info" value="mixed mode"/>
    <property name="java.vendor" value="Oracle Corporation"/>
    <property name="java.vm.version" value="25.231-b11"/>
    <property name="java.ext.dirs" value="/Users/jagjit.verma/Library/Java/Extensions:/Library/Java/JavaVirtualMachines/jdk1.8.0_231.jdk/Contents/Home/jre/lib/ext:/Library/Java/Extensions:/Network/Library/Java/Extensions:/System/Library/Java/Extensions:/usr/lib/java"/>
    <property name="sun.io.unicode.encoding" value="UnicodeBig"/>
    <property name="java.class.version" value="52.0"/>
    <property name="socksNonProxyHosts" value="local|*.local|169.254/16|*.169.254/16"/>
  </properties>
  <testcase name="GetAPI_getBooking_existingBooking_matches" classname="com.assignment.tests.bookingController.BookingController_PostiveCases" time="4.229"/>
  <testcase name="GetAPI_getBookings_twoBookingsReturned" classname="com.assignment.tests.bookingController.BookingController_PostiveCases" time="4.535"/>
  <testcase name="PostAPI_createBooking_booking_canBeCreated" classname="com.assignment.tests.bookingController.BookingController_PostiveCases" time="1.791"/>
  <testcase name="PostAPI_createBooking_checkOutDate_greaterThen_checkInDate" classname="com.assignment.tests.bookingController.BookingController_NegativeCases" time="1.604"/>
  <testcase name="PostAPI_createBooking_moreThenOnceInDay" classname="com.assignment.tests.bookingController.BookingController_NegativeCases" time="3.203"/>
</testsuite>