<?xml version="1.0" encoding="UTF-8"?>
<!-- Generated by org.testng.reporters.JUnitReportReporter -->
<testsuite skipped="0" hostname="SW-LP10354.local" name="com.assignment.tests.bookingController.BookingController_PostiveCases" tests="3" failures="0" timestamp="2020-01-14T00:10:03 IST" time="10.805" errors="0">
  <testcase name="GetAPI_getBookings_twoBookingsReturned" time="4.570" classname="com.assignment.tests.bookingController.BookingController_PostiveCases"/>
  <system-out/>
  <testcase name="GetAPI_getBooking_existingBooking_matches" time="4.257" classname="com.assignment.tests.bookingController.BookingController_PostiveCases"/>
  <system-out/>
  <testcase name="PostAPI_createBooking_booking_canBeCreated" time="1.978" classname="com.assignment.tests.bookingController.BookingController_PostiveCases"/>
  <system-out/>
</testsuite> <!-- com.assignment.tests.bookingController.BookingController_PostiveCases -->
