<?xml version="1.0" encoding="UTF-8"?>
<!-- Generated by org.testng.reporters.JUnitReportReporter -->
<testsuite skipped="0" hostname="SW-LP10354.local" name="com.assignment.tests.bookingController.BookingController_NegativeCases" tests="2" failures="0" timestamp="2020-01-14T00:10:03 IST" time="4.863" errors="0">
  <testcase name="PostAPI_createBooking_checkOutDate_greaterThen_checkInDate" time="1.629" classname="com.assignment.tests.bookingController.BookingController_NegativeCases"/>
  <system-out/>
  <testcase name="PostAPI_createBooking_moreThenOnceInDay" time="3.234" classname="com.assignment.tests.bookingController.BookingController_NegativeCases"/>
  <system-out/>
</testsuite> <!-- com.assignment.tests.bookingController.BookingController_NegativeCases -->
